<?xml version="1.0" encoding="UTF-8"?>
<!-- Generated by org.testng.reporters.JUnitXMLReporter -->
<testsuite hostname="kushal-PC" ignored="0" name="Command line test" tests="6" failures="2" timestamp="03 Dec 2021 18:41:21 GMT" time="57.985" errors="0">
  <testcase name="verifyHomePageTitleTest" time="0.027" classname="com.rsa.qa.testcases.HomePageTest">
    <failure type="java.lang.AssertionError" message="Title is not displayed expected [Home | Rahul Shetty Academy1] but found [Home | Rahul Shetty Academy]">
      <![CDATA[java.lang.AssertionError: Title is not displayed expected [Home | Rahul Shetty Academy1] but found [Home | Rahul Shetty Academy]
at com.rsa.qa.testcases.HomePageTest.verifyHomePageTitleTest(HomePageTest.java:35)
... Removed 40 stack frames]]>
    </failure>
  </testcase> <!-- verifyHomePageTitleTest -->
  <testcase name="loginPageTitleTest" time="0.009" classname="com.rsa.qa.testcases.LoginPageTest">
    <failure type="java.lang.AssertionError" message="loginPage title not mached expected [Rahul Shetty Academy1] but found [Rahul Shetty Academy]">
      <![CDATA[java.lang.AssertionError: loginPage title not mached expected [Rahul Shetty Academy1] but found [Rahul Shetty Academy]
at com.rsa.qa.testcases.LoginPageTest.loginPageTitleTest(LoginPageTest.java:46)
... Removed 40 stack frames]]>
    </failure>
  </testcase> <!-- loginPageTitleTest -->
  <testcase name="landingPageTitleTest" time="0.096" classname="com.rsa.qa.testcases.MyLandingPageTest"/>
  <testcase name="validateProfilePageTitleTest" time="0.007" classname="com.rsa.qa.testcases.UserProfilePageTest"/>
  <testcase name="verifyRCALogo" time="0.067" classname="com.rsa.qa.testcases.HomePageTest"/>
  <testcase name="loginImageTest" time="0.043" classname="com.rsa.qa.testcases.LoginPageTest"/>
</testsuite> <!-- Command line test -->
