<?xml version="1.0" encoding="UTF-8"?>
<testng-results skipped="0" failed="2" ignored="0" total="6" passed="4">
  <reporter-output>
  </reporter-output>
  <suite name="Command line suite" duration-ms="57985" started-at="2021-12-03T18:40:23Z" finished-at="2021-12-03T18:41:21Z">
    <groups>
    </groups>
    <test name="Command line test" duration-ms="57985" started-at="2021-12-03T18:40:23Z" finished-at="2021-12-03T18:41:21Z">
      <class name="com.rsa.qa.testcases.MyLandingPageTest">
        <test-method status="PASS" signature="setup()[pri:0, instance:com.rsa.qa.testcases.MyLandingPageTest@343f4d3d]" name="setup" is-config="true" duration-ms="8518" started-at="2021-12-03T18:40:40Z" finished-at="2021-12-03T18:40:49Z">
          <reporter-output>
          </reporter-output>
        </test-method> <!-- setup -->
        <test-method status="PASS" signature="landingPageTitleTest()[pri:1, instance:com.rsa.qa.testcases.MyLandingPageTest@343f4d3d]" name="landingPageTitleTest" duration-ms="96" started-at="2021-12-03T18:40:49Z" finished-at="2021-12-03T18:40:49Z">
          <reporter-output>
          </reporter-output>
        </test-method> <!-- landingPageTitleTest -->
        <test-method status="PASS" signature="tearDown()[pri:0, instance:com.rsa.qa.testcases.MyLandingPageTest@343f4d3d]" name="tearDown" is-config="true" duration-ms="601" started-at="2021-12-03T18:40:49Z" finished-at="2021-12-03T18:40:50Z">
          <reporter-output>
          </reporter-output>
        </test-method> <!-- tearDown -->
      </class> <!-- com.rsa.qa.testcases.MyLandingPageTest -->
      <class name="com.rsa.qa.testcases.UserProfilePageTest">
        <test-method status="PASS" signature="setup()[pri:0, instance:com.rsa.qa.testcases.UserProfilePageTest@53b32d7]" name="setup" is-config="true" duration-ms="15837" started-at="2021-12-03T18:40:50Z" finished-at="2021-12-03T18:41:05Z">
          <reporter-output>
          </reporter-output>
        </test-method> <!-- setup -->
        <test-method status="PASS" signature="validateProfilePageTitleTest()[pri:1, instance:com.rsa.qa.testcases.UserProfilePageTest@53b32d7]" name="validateProfilePageTitleTest" duration-ms="7" started-at="2021-12-03T18:41:05Z" finished-at="2021-12-03T18:41:05Z">
          <reporter-output>
          </reporter-output>
        </test-method> <!-- validateProfilePageTitleTest -->
        <test-method status="PASS" signature="tearDown()[pri:0, instance:com.rsa.qa.testcases.UserProfilePageTest@53b32d7]" name="tearDown" is-config="true" duration-ms="611" started-at="2021-12-03T18:41:05Z" finished-at="2021-12-03T18:41:06Z">
          <reporter-output>
          </reporter-output>
        </test-method> <!-- tearDown -->
      </class> <!-- com.rsa.qa.testcases.UserProfilePageTest -->
      <class name="com.rsa.qa.testcases.LoginPageTest">
        <test-method status="PASS" signature="setup()[pri:0, instance:com.rsa.qa.testcases.LoginPageTest@57baeedf]" name="setup" is-config="true" duration-ms="8146" started-at="2021-12-03T18:40:32Z" finished-at="2021-12-03T18:40:40Z">
          <reporter-output>
          </reporter-output>
        </test-method> <!-- setup -->
        <test-method status="FAIL" signature="loginPageTitleTest()[pri:1, instance:com.rsa.qa.testcases.LoginPageTest@57baeedf]" name="loginPageTitleTest" duration-ms="9" started-at="2021-12-03T18:40:40Z" finished-at="2021-12-03T18:40:40Z">
          <exception class="java.lang.AssertionError">
            <message>
              <![CDATA[loginPage title not mached expected [Rahul Shetty Academy1] but found [Rahul Shetty Academy]]]>
            </message>
            <full-stacktrace>
              <![CDATA[java.lang.AssertionError: loginPage title not mached expected [Rahul Shetty Academy1] but found [Rahul Shetty Academy]
at org.testng.Assert.fail(Assert.java:96)
at org.testng.Assert.failNotEquals(Assert.java:776)
at org.testng.Assert.assertEqualsImpl(Assert.java:137)
at org.testng.Assert.assertEquals(Assert.java:118)
at org.testng.Assert.assertEquals(Assert.java:453)
at com.rsa.qa.testcases.LoginPageTest.loginPageTitleTest(LoginPageTest.java:46)
at sun.reflect.NativeMethodAccessorImpl.invoke0(Native Method)
at sun.reflect.NativeMethodAccessorImpl.invoke(NativeMethodAccessorImpl.java:62)
at sun.reflect.DelegatingMethodAccessorImpl.invoke(DelegatingMethodAccessorImpl.java:43)
at java.lang.reflect.Method.invoke(Method.java:498)
at org.testng.internal.MethodInvocationHelper.invokeMethod(MethodInvocationHelper.java:124)
at org.testng.internal.Invoker.invokeMethod(Invoker.java:583)
at org.testng.internal.Invoker.invokeTestMethod(Invoker.java:719)
at org.testng.internal.Invoker.invokeTestMethods(Invoker.java:989)
at org.testng.internal.TestMethodWorker.invokeTestMethods(TestMethodWorker.java:125)
at org.testng.internal.TestMethodWorker.run(TestMethodWorker.java:109)
at org.testng.TestRunner.privateRun(TestRunner.java:648)
at org.testng.TestRunner.run(TestRunner.java:505)
at org.testng.SuiteRunner.runTest(SuiteRunner.java:455)
at org.testng.SuiteRunner.runSequentially(SuiteRunner.java:450)
at org.testng.SuiteRunner.privateRun(SuiteRunner.java:415)
at org.testng.SuiteRunner.run(SuiteRunner.java:364)
at org.testng.SuiteRunnerWorker.runSuite(SuiteRunnerWorker.java:52)
at org.testng.SuiteRunnerWorker.run(SuiteRunnerWorker.java:84)
at org.testng.TestNG.runSuitesSequentially(TestNG.java:1208)
at org.testng.TestNG.runSuitesLocally(TestNG.java:1137)
at org.testng.TestNG.runSuites(TestNG.java:1049)
at org.testng.TestNG.run(TestNG.java:1017)
at org.apache.maven.surefire.testng.TestNGExecutor.run(TestNGExecutor.java:77)
at org.apache.maven.surefire.testng.TestNGDirectoryTestSuite.executeMulti(TestNGDirectoryTestSuite.java:159)
at org.apache.maven.surefire.testng.TestNGDirectoryTestSuite.execute(TestNGDirectoryTestSuite.java:99)
at org.apache.maven.surefire.testng.TestNGProvider.invoke(TestNGProvider.java:106)
at sun.reflect.NativeMethodAccessorImpl.invoke0(Native Method)
at sun.reflect.NativeMethodAccessorImpl.invoke(NativeMethodAccessorImpl.java:62)
at sun.reflect.DelegatingMethodAccessorImpl.invoke(DelegatingMethodAccessorImpl.java:43)
at java.lang.reflect.Method.invoke(Method.java:498)
at org.apache.maven.surefire.util.ReflectionUtils.invokeMethodWithArray(ReflectionUtils.java:189)
at org.apache.maven.surefire.booter.ProviderFactory$ProviderProxy.invoke(ProviderFactory.java:165)
at org.apache.maven.surefire.booter.ProviderFactory.invokeProvider(ProviderFactory.java:85)
at org.apache.maven.surefire.booter.ForkedBooter.runSuitesInProcess(ForkedBooter.java:115)
at org.apache.maven.surefire.booter.ForkedBooter.main(ForkedBooter.java:75)
]]>
            </full-stacktrace>
          </exception> <!-- java.lang.AssertionError -->
          <reporter-output>
          </reporter-output>
        </test-method> <!-- loginPageTitleTest -->
        <test-method status="PASS" signature="teardown()[pri:0, instance:com.rsa.qa.testcases.LoginPageTest@57baeedf]" name="teardown" is-config="true" duration-ms="614" started-at="2021-12-03T18:40:40Z" finished-at="2021-12-03T18:40:40Z">
          <reporter-output>
          </reporter-output>
        </test-method> <!-- teardown -->
        <test-method status="PASS" signature="setup()[pri:0, instance:com.rsa.qa.testcases.LoginPageTest@57baeedf]" name="setup" is-config="true" duration-ms="8875" started-at="2021-12-03T18:41:11Z" finished-at="2021-12-03T18:41:20Z">
          <reporter-output>
          </reporter-output>
        </test-method> <!-- setup -->
        <test-method status="PASS" signature="loginImageTest()[pri:2, instance:com.rsa.qa.testcases.LoginPageTest@57baeedf]" name="loginImageTest" duration-ms="43" started-at="2021-12-03T18:41:20Z" finished-at="2021-12-03T18:41:20Z">
          <reporter-output>
          </reporter-output>
        </test-method> <!-- loginImageTest -->
        <test-method status="PASS" signature="teardown()[pri:0, instance:com.rsa.qa.testcases.LoginPageTest@57baeedf]" name="teardown" is-config="true" duration-ms="597" started-at="2021-12-03T18:41:20Z" finished-at="2021-12-03T18:41:21Z">
          <reporter-output>
          </reporter-output>
        </test-method> <!-- teardown -->
      </class> <!-- com.rsa.qa.testcases.LoginPageTest -->
      <class name="com.rsa.qa.testcases.HomePageTest">
        <test-method status="PASS" signature="setup()[pri:0, instance:com.rsa.qa.testcases.HomePageTest@42e26948]" name="setup" is-config="true" duration-ms="8038" started-at="2021-12-03T18:40:23Z" finished-at="2021-12-03T18:40:31Z">
          <reporter-output>
          </reporter-output>
        </test-method> <!-- setup -->
        <test-method status="FAIL" signature="verifyHomePageTitleTest()[pri:1, instance:com.rsa.qa.testcases.HomePageTest@42e26948]" name="verifyHomePageTitleTest" duration-ms="27" started-at="2021-12-03T18:40:31Z" finished-at="2021-12-03T18:40:31Z">
          <exception class="java.lang.AssertionError">
            <message>
              <![CDATA[Title is not displayed expected [Home | Rahul Shetty Academy1] but found [Home | Rahul Shetty Academy]]]>
            </message>
            <full-stacktrace>
              <![CDATA[java.lang.AssertionError: Title is not displayed expected [Home | Rahul Shetty Academy1] but found [Home | Rahul Shetty Academy]
at org.testng.Assert.fail(Assert.java:96)
at org.testng.Assert.failNotEquals(Assert.java:776)
at org.testng.Assert.assertEqualsImpl(Assert.java:137)
at org.testng.Assert.assertEquals(Assert.java:118)
at org.testng.Assert.assertEquals(Assert.java:453)
at com.rsa.qa.testcases.HomePageTest.verifyHomePageTitleTest(HomePageTest.java:35)
at sun.reflect.NativeMethodAccessorImpl.invoke0(Native Method)
at sun.reflect.NativeMethodAccessorImpl.invoke(NativeMethodAccessorImpl.java:62)
at sun.reflect.DelegatingMethodAccessorImpl.invoke(DelegatingMethodAccessorImpl.java:43)
at java.lang.reflect.Method.invoke(Method.java:498)
at org.testng.internal.MethodInvocationHelper.invokeMethod(MethodInvocationHelper.java:124)
at org.testng.internal.Invoker.invokeMethod(Invoker.java:583)
at org.testng.internal.Invoker.invokeTestMethod(Invoker.java:719)
at org.testng.internal.Invoker.invokeTestMethods(Invoker.java:989)
at org.testng.internal.TestMethodWorker.invokeTestMethods(TestMethodWorker.java:125)
at org.testng.internal.TestMethodWorker.run(TestMethodWorker.java:109)
at org.testng.TestRunner.privateRun(TestRunner.java:648)
at org.testng.TestRunner.run(TestRunner.java:505)
at org.testng.SuiteRunner.runTest(SuiteRunner.java:455)
at org.testng.SuiteRunner.runSequentially(SuiteRunner.java:450)
at org.testng.SuiteRunner.privateRun(SuiteRunner.java:415)
at org.testng.SuiteRunner.run(SuiteRunner.java:364)
at org.testng.SuiteRunnerWorker.runSuite(SuiteRunnerWorker.java:52)
at org.testng.SuiteRunnerWorker.run(SuiteRunnerWorker.java:84)
at org.testng.TestNG.runSuitesSequentially(TestNG.java:1208)
at org.testng.TestNG.runSuitesLocally(TestNG.java:1137)
at org.testng.TestNG.runSuites(TestNG.java:1049)
at org.testng.TestNG.run(TestNG.java:1017)
at org.apache.maven.surefire.testng.TestNGExecutor.run(TestNGExecutor.java:77)
at org.apache.maven.surefire.testng.TestNGDirectoryTestSuite.executeMulti(TestNGDirectoryTestSuite.java:159)
at org.apache.maven.surefire.testng.TestNGDirectoryTestSuite.execute(TestNGDirectoryTestSuite.java:99)
at org.apache.maven.surefire.testng.TestNGProvider.invoke(TestNGProvider.java:106)
at sun.reflect.NativeMethodAccessorImpl.invoke0(Native Method)
at sun.reflect.NativeMethodAccessorImpl.invoke(NativeMethodAccessorImpl.java:62)
at sun.reflect.DelegatingMethodAccessorImpl.invoke(DelegatingMethodAccessorImpl.java:43)
at java.lang.reflect.Method.invoke(Method.java:498)
at org.apache.maven.surefire.util.ReflectionUtils.invokeMethodWithArray(ReflectionUtils.java:189)
at org.apache.maven.surefire.booter.ProviderFactory$ProviderProxy.invoke(ProviderFactory.java:165)
at org.apache.maven.surefire.booter.ProviderFactory.invokeProvider(ProviderFactory.java:85)
at org.apache.maven.surefire.booter.ForkedBooter.runSuitesInProcess(ForkedBooter.java:115)
at org.apache.maven.surefire.booter.ForkedBooter.main(ForkedBooter.java:75)
]]>
            </full-stacktrace>
          </exception> <!-- java.lang.AssertionError -->
          <reporter-output>
          </reporter-output>
        </test-method> <!-- verifyHomePageTitleTest -->
        <test-method status="PASS" signature="tearDown()[pri:0, instance:com.rsa.qa.testcases.HomePageTest@42e26948]" name="tearDown" is-config="true" duration-ms="616" started-at="2021-12-03T18:40:31Z" finished-at="2021-12-03T18:40:31Z">
          <reporter-output>
          </reporter-output>
        </test-method> <!-- tearDown -->
        <test-method status="PASS" signature="setup()[pri:0, instance:com.rsa.qa.testcases.HomePageTest@42e26948]" name="setup" is-config="true" duration-ms="4313" started-at="2021-12-03T18:41:06Z" finished-at="2021-12-03T18:41:10Z">
          <reporter-output>
          </reporter-output>
        </test-method> <!-- setup -->
        <test-method status="PASS" signature="verifyRCALogo()[pri:2, instance:com.rsa.qa.testcases.HomePageTest@42e26948]" name="verifyRCALogo" duration-ms="67" started-at="2021-12-03T18:41:10Z" finished-at="2021-12-03T18:41:10Z">
          <reporter-output>
          </reporter-output>
        </test-method> <!-- verifyRCALogo -->
        <test-method status="PASS" signature="tearDown()[pri:0, instance:com.rsa.qa.testcases.HomePageTest@42e26948]" name="tearDown" is-config="true" duration-ms="605" started-at="2021-12-03T18:41:10Z" finished-at="2021-12-03T18:41:11Z">
          <reporter-output>
          </reporter-output>
        </test-method> <!-- tearDown -->
      </class> <!-- com.rsa.qa.testcases.HomePageTest -->
    </test> <!-- Command line test -->
  </suite> <!-- Command line suite -->
</testng-results>
