<?xml version="1.0" encoding="UTF-8"?>
<!-- Generated by org.testng.reporters.JUnitXMLReporter -->
<testsuite hostname="kushal-PC" ignored="0" name="RSA Website Test Cases " tests="13" failures="2" timestamp="03 Dec 2021 18:29:50 GMT" time="135.481" errors="0">
  <testcase name="verifyHomePageTitleTest" time="0.031" classname="com.rsa.qa.testcases.HomePageTest">
    <failure type="java.lang.AssertionError" message="Title is not displayed expected [Home | Rahul Shetty Academy1] but found [Home | Rahul Shetty Academy]">
      <![CDATA[java.lang.AssertionError: Title is not displayed expected [Home | Rahul Shetty Academy1] but found [Home | Rahul Shetty Academy]
	at com.rsa.qa.testcases.HomePageTest.verifyHomePageTitleTest(HomePageTest.java:35)
... Removed 30 stack frames]]>
    </failure>
  </testcase> <!-- verifyHomePageTitleTest -->
  <testcase name="loginPageTitleTest" time="0.013" classname="com.rsa.qa.testcases.LoginPageTest">
    <failure type="java.lang.AssertionError" message="loginPage title not mached expected [Rahul Shetty Academy1] but found [Rahul Shetty Academy]">
      <![CDATA[java.lang.AssertionError: loginPage title not mached expected [Rahul Shetty Academy1] but found [Rahul Shetty Academy]
	at com.rsa.qa.testcases.LoginPageTest.loginPageTitleTest(LoginPageTest.java:46)
... Removed 30 stack frames]]>
    </failure>
  </testcase> <!-- loginPageTitleTest -->
  <testcase name="landingPageTitleTest" time="0.099" classname="com.rsa.qa.testcases.MyLandingPageTest"/>
  <testcase name="validateProfilePageTitleTest" time="0.01" classname="com.rsa.qa.testcases.UserProfilePageTest"/>
  <testcase name="verifyRCALogo" time="0.074" classname="com.rsa.qa.testcases.HomePageTest"/>
  <testcase name="loginImageTest" time="0.046" classname="com.rsa.qa.testcases.LoginPageTest"/>
  <testcase name="userNameDisplayTest" time="3.453" classname="com.rsa.qa.testcases.MyLandingPageTest"/>
  <testcase name="validateLabelDisplayTest" time="0.05" classname="com.rsa.qa.testcases.UserProfilePageTest"/>
  <testcase name="verifyLoginBtnClickTest" time="4.334" classname="com.rsa.qa.testcases.HomePageTest"/>
  <testcase name="loginTest" time="0.231" classname="com.rsa.qa.testcases.LoginPageTest"/>
  <testcase name="verifyCourseLinkTest" time="3.487" classname="com.rsa.qa.testcases.MyLandingPageTest"/>
  <testcase name="verifyPracticeLinkTest" time="5.67" classname="com.rsa.qa.testcases.MyLandingPageTest"/>
  <testcase name="validateSearchFunction" time="0.0" classname="com.rsa.qa.testcases.MyLandingPageTest">
    <skipped/>
  </testcase> <!-- validateSearchFunction -->
</testsuite> <!-- RSA Website Test Cases  -->
